<?xml version="1.0" encoding="UTF-8"?>
<testng-results ignored="0" total="1" passed="1" failed="0" skipped="0">
  <reporter-output>
  </reporter-output>
  <suite started-at="2021-07-29T19:47:43 COT" name="Default suite" finished-at="2021-07-29T19:48:41 COT" duration-ms="57496">
    <groups>
    </groups>
    <test started-at="2021-07-29T19:47:43 COT" name="Default test" finished-at="2021-07-29T19:48:41 COT" duration-ms="57496">
      <class name="CheckLinks.CheckLinksTest">
        <test-method is-config="true" signature="beforeClass()[pri:0, instance:CheckLinks.CheckLinksTest@418e7838]" started-at="2021-07-29T19:47:43 COT" name="beforeClass" finished-at="2021-07-29T19:48:07 COT" duration-ms="24138" status="PASS">
          <reporter-output>
          </reporter-output>
        </test-method> <!-- beforeClass -->
        <test-method signature="f()[pri:0, instance:CheckLinks.CheckLinksTest@418e7838]" started-at="2021-07-29T19:48:07 COT" name="f" finished-at="2021-07-29T19:48:40 COT" duration-ms="32961" status="PASS">
          <reporter-output>
          </reporter-output>
        </test-method> <!-- f -->
        <test-method is-config="true" signature="afterClass()[pri:0, instance:CheckLinks.CheckLinksTest@418e7838]" started-at="2021-07-29T19:48:40 COT" name="afterClass" finished-at="2021-07-29T19:48:41 COT" duration-ms="338" status="PASS">
          <reporter-output>
          </reporter-output>
        </test-method> <!-- afterClass -->
      </class> <!-- CheckLinks.CheckLinksTest -->
    </test> <!-- Default test -->
  </suite> <!-- Default suite -->
</testng-results>
